<?xml version="1.0" encoding="UTF-8"?>
<testsuite xmlns:xsi="http://www.w3.org/2001/XMLSchema-instance" xsi:noNamespaceSchemaLocation="https://maven.apache.org/surefire/maven-surefire-plugin/xsd/surefire-test-report-3.0.xsd" version="3.0" name="TestSuite" time="1.543" tests="36" errors="0" skipped="36" failures="0">
  <properties>
[...]
</properties>
  <testcase name="beforeClass" classname="com.qa.tests.HomePageTest" time="0">
    <skipped/>
    <system-out><![CDATA[[TestNG] [WARN] Ignoring duplicate listener : com.qa.listeners.TestListener
[TestNG] [WARN] Ignoring duplicate listener : com.qa.listeners.TestListener
[TestNG] [WARN] Ignoring duplicate listener : com.qa.listeners.TestListener
[TestNG] [WARN] Ignoring duplicate listener : com.qa.listeners.TestListener
[TestNG] [WARN] Ignoring duplicate listener : com.qa.listeners.TestListener
[INFO ] 2022-06-24 21:31:39.700 com.qa.BaseTest:151 - Appium server started
[INFO ] 2022-06-24 21:31:39.713 com.qa.BaseTest:228 - log path: logs/Android_Flutter_Nexus_6_API_29
[INFO ] 2022-06-24 21:31:39.714 com.qa.BaseTest:236 - load config.properties
[INFO ] 2022-06-24 21:31:39.715 com.qa.BaseTest:241 - load strings/strings.xml
[INFO ] 2022-06-24 21:31:39.721 com.qa.BaseTest:265 - appUrl is/Users/ronitroy/IdeaProjects/mobile-automation/src/test/resources/app/app-release.apk
[FATAL] 2022-06-24 21:31:39.989 com.qa.BaseTest:362 - driver initialization failure. ABORT!!!
org.openqa.selenium.SessionNotCreatedException: Unable to create a new remote session. Please check the server log for more details. Original error: A new session could not be created. Details: The desiredCapabilities object was not valid for the following reason(s): 'platformName' Android_Flutter not part of Android (WARNING: The server did not provide any stacktrace information)
Command duration or timeout: 79 milliseconds
Build info: version: '3.141.59', revision: 'e82be7d358', time: '2018-11-14T08:17:03'
System info: host: 'Ronits-MacBook-Pro.local', ip: '2406:7400:63:5d0a:5566:2f58:6942:90a3%en0', os.name: 'Mac OS X', os.arch: 'aarch64', os.version: '12.4', java.version: '15.0.6'
Driver info: driver.version: AndroidDriver
Build info: version: '3.141.59', revision: 'e82be7d358', time: '2018-11-14T08:17:03'
System info: host: 'Ronits-MacBook-Pro.local', ip: '2406:7400:63:5d0a:5566:2f58:6942:90a3%en0', os.name: 'Mac OS X', os.arch: 'aarch64', os.version: '12.4', java.version: '15.0.6'
Driver info: driver.version: AndroidDriver
]]></system-out>
  </testcase>
  <testcase name="beforeClass" classname="com.qa.tests.HomePageTest" time="0">
    <skipped/>
    <system-out><![CDATA[[INFO ] 2022-06-24 21:31:40.584 com.qa.BaseTest:176 - Appium server stopped
[INFO ] 2022-06-24 21:31:40.587 com.qa.BaseTest:151 - Appium server started
[INFO ] 2022-06-24 21:31:40.588 com.qa.BaseTest:228 - log path: logs/Android_RN_Nexus_6_API_29
[INFO ] 2022-06-24 21:31:40.591 com.qa.BaseTest:236 - load config.properties
[INFO ] 2022-06-24 21:31:40.592 com.qa.BaseTest:241 - load strings/strings.xml
[INFO ] 2022-06-24 21:31:40.593 com.qa.BaseTest:306 - appUrl is/Users/ronitroy/IdeaProjects/mobile-automation/src/test/resources/app/Android_RN.apk
[FATAL] 2022-06-24 21:31:40.612 com.qa.BaseTest:362 - driver initialization failure. ABORT!!!
org.openqa.selenium.SessionNotCreatedException: Unable to create a new remote session. Please check the server log for more details. Original error: A new session could not be created. Details: The desiredCapabilities object was not valid for the following reason(s): 'platformName' Android_RN not part of Android (WARNING: The server did not provide any stacktrace information)
Command duration or timeout: 10 milliseconds
Build info: version: '3.141.59', revision: 'e82be7d358', time: '2018-11-14T08:17:03'
System info: host: 'Ronits-MacBook-Pro.local', ip: '2406:7400:63:5d0a:5566:2f58:6942:90a3%en0', os.name: 'Mac OS X', os.arch: 'aarch64', os.version: '12.4', java.version: '15.0.6'
Driver info: driver.version: AndroidDriver
Build info: version: '3.141.59', revision: 'e82be7d358', time: '2018-11-14T08:17:03'
System info: host: 'Ronits-MacBook-Pro.local', ip: '2406:7400:63:5d0a:5566:2f58:6942:90a3%en0', os.name: 'Mac OS X', os.arch: 'aarch64', os.version: '12.4', java.version: '15.0.6'
Driver info: driver.version: AndroidDriver
]]></system-out>
  </testcase>
  <testcase name="beforeClass" classname="com.qa.tests.HomePageTest" time="0">
    <skipped/>
    <system-out><![CDATA[[INFO ] 2022-06-24 21:31:40.696 com.qa.BaseTest:176 - Appium server stopped
[INFO ] 2022-06-24 21:31:40.699 com.qa.BaseTest:151 - Appium server started
[INFO ] 2022-06-24 21:31:40.700 com.qa.BaseTest:228 - log path: logs/Android_Native_Nexus_6_API_29
[INFO ] 2022-06-24 21:31:40.702 com.qa.BaseTest:236 - load config.properties
[INFO ] 2022-06-24 21:31:40.702 com.qa.BaseTest:241 - load strings/strings.xml
[INFO ] 2022-06-24 21:31:40.704 com.qa.BaseTest:285 - appUrl is/Users/ronitroy/IdeaProjects/mobile-automation/src/test/resources/app/Android_Native.apk
[FATAL] 2022-06-24 21:31:40.718 com.qa.BaseTest:362 - driver initialization failure. ABORT!!!
org.openqa.selenium.SessionNotCreatedException: Unable to create a new remote session. Please check the server log for more details. Original error: A new session could not be created. Details: The desiredCapabilities object was not valid for the following reason(s): 'platformName' Android_Native not part of Android (WARNING: The server did not provide any stacktrace information)
Command duration or timeout: 10 milliseconds
Build info: version: '3.141.59', revision: 'e82be7d358', time: '2018-11-14T08:17:03'
System info: host: 'Ronits-MacBook-Pro.local', ip: '2406:7400:63:5d0a:5566:2f58:6942:90a3%en0', os.name: 'Mac OS X', os.arch: 'aarch64', os.version: '12.4', java.version: '15.0.6'
Driver info: driver.version: AndroidDriver
Build info: version: '3.141.59', revision: 'e82be7d358', time: '2018-11-14T08:17:03'
System info: host: 'Ronits-MacBook-Pro.local', ip: '2406:7400:63:5d0a:5566:2f58:6942:90a3%en0', os.name: 'Mac OS X', os.arch: 'aarch64', os.version: '12.4', java.version: '15.0.6'
Driver info: driver.version: AndroidDriver
]]></system-out>
  </testcase>
  <testcase name="beforeMethod" classname="com.qa.tests.HomePageTest" time="0">
    <skipped/>
  </testcase>
  <testcase name="beforeMethod" classname="com.qa.tests.HomePageTest" time="0">
    <skipped/>
  </testcase>
  <testcase name="beforeMethod" classname="com.qa.tests.HomePageTest" time="0">
    <skipped/>
  </testcase>
  <testcase name="beforeMethod" classname="com.qa.tests.HomePageTest" time="0">
    <skipped/>
  </testcase>
  <testcase name="beforeMethod" classname="com.qa.tests.HomePageTest" time="0">
    <skipped/>
  </testcase>
  <testcase name="beforeMethod" classname="com.qa.tests.HomePageTest" time="0">
    <skipped/>
  </testcase>
  <testcase name="beforeMethod" classname="com.qa.tests.HomePageTest" time="0">
    <skipped/>
  </testcase>
  <testcase name="beforeMethod" classname="com.qa.tests.HomePageTest" time="0">
    <skipped/>
  </testcase>
  <testcase name="beforeMethod" classname="com.qa.tests.HomePageTest" time="0">
    <skipped/>
  </testcase>
  <testcase name="beforeMethod" classname="com.qa.tests.HomePageTest" time="0">
    <skipped/>
  </testcase>
  <testcase name="beforeMethod" classname="com.qa.tests.HomePageTest" time="0">
    <skipped/>
  </testcase>
  <testcase name="beforeMethod" classname="com.qa.tests.HomePageTest" time="0">
    <skipped/>
  </testcase>
  <testcase name="Test_HomePage" classname="com.qa.tests.HomePageTest" time="0">
    <skipped message="Unable to create a new remote session. Please check the server log for more details. Original error: A new session could not be created. Details: The desiredCapabilities object was not valid for the following reason(s): &apos;platformName&apos; Android_Flutter not part of Android (WARNING: The server did not provide any stacktrace information)&#10;Command duration or timeout: 79 milliseconds&#10;Build info: version: &apos;3.141.59&apos;, revision: &apos;e82be7d358&apos;, time: &apos;2018-11-14T08:17:03&apos;&#10;System info: host: &apos;Ronits-MacBook-Pro.local&apos;, ip: &apos;2406:7400:63:5d0a:5566:2f58:6942:90a3%en0&apos;, os.name: &apos;Mac OS X&apos;, os.arch: &apos;aarch64&apos;, os.version: &apos;12.4&apos;, java.version: &apos;15.0.6&apos;&#10;Driver info: driver.version: AndroidDriver&#10;Build info: version: &apos;3.141.59&apos;, revision: &apos;e82be7d358&apos;, time: &apos;2018-11-14T08:17:03&apos;&#10;System info: host: &apos;Ronits-MacBook-Pro.local&apos;, ip: &apos;2406:7400:63:5d0a:5566:2f58:6942:90a3%en0&apos;, os.name: &apos;Mac OS X&apos;, os.arch: &apos;aarch64&apos;, os.version: &apos;12.4&apos;, java.version: &apos;15.0.6&apos;&#10;Driver info: driver.version: AndroidDriver"/>
  </testcase>
  <testcase name="Test_HomePage" classname="com.qa.tests.HomePageTest" time="0">
    <skipped message="Unable to create a new remote session. Please check the server log for more details. Original error: A new session could not be created. Details: The desiredCapabilities object was not valid for the following reason(s): &apos;platformName&apos; Android_RN not part of Android (WARNING: The server did not provide any stacktrace information)&#10;Command duration or timeout: 10 milliseconds&#10;Build info: version: &apos;3.141.59&apos;, revision: &apos;e82be7d358&apos;, time: &apos;2018-11-14T08:17:03&apos;&#10;System info: host: &apos;Ronits-MacBook-Pro.local&apos;, ip: &apos;2406:7400:63:5d0a:5566:2f58:6942:90a3%en0&apos;, os.name: &apos;Mac OS X&apos;, os.arch: &apos;aarch64&apos;, os.version: &apos;12.4&apos;, java.version: &apos;15.0.6&apos;&#10;Driver info: driver.version: AndroidDriver&#10;Build info: version: &apos;3.141.59&apos;, revision: &apos;e82be7d358&apos;, time: &apos;2018-11-14T08:17:03&apos;&#10;System info: host: &apos;Ronits-MacBook-Pro.local&apos;, ip: &apos;2406:7400:63:5d0a:5566:2f58:6942:90a3%en0&apos;, os.name: &apos;Mac OS X&apos;, os.arch: &apos;aarch64&apos;, os.version: &apos;12.4&apos;, java.version: &apos;15.0.6&apos;&#10;Driver info: driver.version: AndroidDriver"/>
  </testcase>
  <testcase name="Test_HomePage" classname="com.qa.tests.HomePageTest" time="0">
    <skipped message="Unable to create a new remote session. Please check the server log for more details. Original error: A new session could not be created. Details: The desiredCapabilities object was not valid for the following reason(s): &apos;platformName&apos; Android_Native not part of Android (WARNING: The server did not provide any stacktrace information)&#10;Command duration or timeout: 10 milliseconds&#10;Build info: version: &apos;3.141.59&apos;, revision: &apos;e82be7d358&apos;, time: &apos;2018-11-14T08:17:03&apos;&#10;System info: host: &apos;Ronits-MacBook-Pro.local&apos;, ip: &apos;2406:7400:63:5d0a:5566:2f58:6942:90a3%en0&apos;, os.name: &apos;Mac OS X&apos;, os.arch: &apos;aarch64&apos;, os.version: &apos;12.4&apos;, java.version: &apos;15.0.6&apos;&#10;Driver info: driver.version: AndroidDriver&#10;Build info: version: &apos;3.141.59&apos;, revision: &apos;e82be7d358&apos;, time: &apos;2018-11-14T08:17:03&apos;&#10;System info: host: &apos;Ronits-MacBook-Pro.local&apos;, ip: &apos;2406:7400:63:5d0a:5566:2f58:6942:90a3%en0&apos;, os.name: &apos;Mac OS X&apos;, os.arch: &apos;aarch64&apos;, os.version: &apos;12.4&apos;, java.version: &apos;15.0.6&apos;&#10;Driver info: driver.version: AndroidDriver"/>
  </testcase>
  <testcase name="afterMethod" classname="com.qa.tests.HomePageTest" time="0">
    <skipped/>
  </testcase>
  <testcase name="afterMethod" classname="com.qa.tests.HomePageTest" time="0">
    <skipped/>
  </testcase>
  <testcase name="afterMethod" classname="com.qa.tests.HomePageTest" time="0">
    <skipped/>
  </testcase>
  <testcase name="afterMethod" classname="com.qa.tests.HomePageTest" time="0">
    <skipped/>
  </testcase>
  <testcase name="afterMethod" classname="com.qa.tests.HomePageTest" time="0">
    <skipped/>
  </testcase>
  <testcase name="afterMethod" classname="com.qa.tests.HomePageTest" time="0">
    <skipped/>
  </testcase>
  <testcase name="afterMethod" classname="com.qa.tests.HomePageTest" time="0">
    <skipped/>
  </testcase>
  <testcase name="afterMethod" classname="com.qa.tests.HomePageTest" time="0">
    <skipped/>
  </testcase>
  <testcase name="afterMethod" classname="com.qa.tests.HomePageTest" time="0">
    <skipped/>
  </testcase>
  <testcase name="afterMethod" classname="com.qa.tests.HomePageTest" time="0">
    <skipped/>
  </testcase>
  <testcase name="afterMethod" classname="com.qa.tests.HomePageTest" time="0">
    <skipped/>
  </testcase>
  <testcase name="afterMethod" classname="com.qa.tests.HomePageTest" time="0">
    <skipped/>
  </testcase>
  <testcase name="Test_ParticipantName_Popup" classname="com.qa.tests.HomePageTest" time="0">
    <skipped message="Unable to create a new remote session. Please check the server log for more details. Original error: A new session could not be created. Details: The desiredCapabilities object was not valid for the following reason(s): &apos;platformName&apos; Android_Flutter not part of Android (WARNING: The server did not provide any stacktrace information)&#10;Command duration or timeout: 79 milliseconds&#10;Build info: version: &apos;3.141.59&apos;, revision: &apos;e82be7d358&apos;, time: &apos;2018-11-14T08:17:03&apos;&#10;System info: host: &apos;Ronits-MacBook-Pro.local&apos;, ip: &apos;2406:7400:63:5d0a:5566:2f58:6942:90a3%en0&apos;, os.name: &apos;Mac OS X&apos;, os.arch: &apos;aarch64&apos;, os.version: &apos;12.4&apos;, java.version: &apos;15.0.6&apos;&#10;Driver info: driver.version: AndroidDriver&#10;Build info: version: &apos;3.141.59&apos;, revision: &apos;e82be7d358&apos;, time: &apos;2018-11-14T08:17:03&apos;&#10;System info: host: &apos;Ronits-MacBook-Pro.local&apos;, ip: &apos;2406:7400:63:5d0a:5566:2f58:6942:90a3%en0&apos;, os.name: &apos;Mac OS X&apos;, os.arch: &apos;aarch64&apos;, os.version: &apos;12.4&apos;, java.version: &apos;15.0.6&apos;&#10;Driver info: driver.version: AndroidDriver"/>
  </testcase>
  <testcase name="Test_ParticipantName_Popup" classname="com.qa.tests.HomePageTest" time="0">
    <skipped message="Unable to create a new remote session. Please check the server log for more details. Original error: A new session could not be created. Details: The desiredCapabilities object was not valid for the following reason(s): &apos;platformName&apos; Android_RN not part of Android (WARNING: The server did not provide any stacktrace information)&#10;Command duration or timeout: 10 milliseconds&#10;Build info: version: &apos;3.141.59&apos;, revision: &apos;e82be7d358&apos;, time: &apos;2018-11-14T08:17:03&apos;&#10;System info: host: &apos;Ronits-MacBook-Pro.local&apos;, ip: &apos;2406:7400:63:5d0a:5566:2f58:6942:90a3%en0&apos;, os.name: &apos;Mac OS X&apos;, os.arch: &apos;aarch64&apos;, os.version: &apos;12.4&apos;, java.version: &apos;15.0.6&apos;&#10;Driver info: driver.version: AndroidDriver&#10;Build info: version: &apos;3.141.59&apos;, revision: &apos;e82be7d358&apos;, time: &apos;2018-11-14T08:17:03&apos;&#10;System info: host: &apos;Ronits-MacBook-Pro.local&apos;, ip: &apos;2406:7400:63:5d0a:5566:2f58:6942:90a3%en0&apos;, os.name: &apos;Mac OS X&apos;, os.arch: &apos;aarch64&apos;, os.version: &apos;12.4&apos;, java.version: &apos;15.0.6&apos;&#10;Driver info: driver.version: AndroidDriver"/>
  </testcase>
  <testcase name="Test_ParticipantName_Popup" classname="com.qa.tests.HomePageTest" time="0">
    <skipped message="Unable to create a new remote session. Please check the server log for more details. Original error: A new session could not be created. Details: The desiredCapabilities object was not valid for the following reason(s): &apos;platformName&apos; Android_Native not part of Android (WARNING: The server did not provide any stacktrace information)&#10;Command duration or timeout: 10 milliseconds&#10;Build info: version: &apos;3.141.59&apos;, revision: &apos;e82be7d358&apos;, time: &apos;2018-11-14T08:17:03&apos;&#10;System info: host: &apos;Ronits-MacBook-Pro.local&apos;, ip: &apos;2406:7400:63:5d0a:5566:2f58:6942:90a3%en0&apos;, os.name: &apos;Mac OS X&apos;, os.arch: &apos;aarch64&apos;, os.version: &apos;12.4&apos;, java.version: &apos;15.0.6&apos;&#10;Driver info: driver.version: AndroidDriver&#10;Build info: version: &apos;3.141.59&apos;, revision: &apos;e82be7d358&apos;, time: &apos;2018-11-14T08:17:03&apos;&#10;System info: host: &apos;Ronits-MacBook-Pro.local&apos;, ip: &apos;2406:7400:63:5d0a:5566:2f58:6942:90a3%en0&apos;, os.name: &apos;Mac OS X&apos;, os.arch: &apos;aarch64&apos;, os.version: &apos;12.4&apos;, java.version: &apos;15.0.6&apos;&#10;Driver info: driver.version: AndroidDriver"/>
  </testcase>
  <testcase name="afterClass" classname="com.qa.tests.HomePageTest" time="0">
    <skipped/>
  </testcase>
  <testcase name="afterClass" classname="com.qa.tests.HomePageTest" time="0">
    <skipped/>
  </testcase>
  <testcase name="afterClass" classname="com.qa.tests.HomePageTest" time="0">
    <skipped/>
  </testcase>
</testsuite>